<?xml version="1.0" encoding="UTF-8"?>
<testsuite xmlns:xsi="http://www.w3.org/2001/XMLSchema-instance" xsi:noNamespaceSchemaLocation="https://maven.apache.org/surefire/maven-surefire-plugin/xsd/surefire-test-report-3.0.xsd" version="3.0" name="TestSuite" time="24.894" tests="13" errors="0" skipped="0" failures="2">
  <properties>
[...]
</properties>
  <testcase name="shouldAddTwoNumbers" classname="CalculatorTest" time="0.004">
    <system-out><![CDATA[Before class
Start Test Case
]]></system-out>
    <system-err><![CDATA[SLF4J(W): No SLF4J providers were found.
SLF4J(W): Defaulting to no-operation (NOP) logger implementation
SLF4J(W): See https://www.slf4j.org/codes.html#noProviders for further details.
]]></system-err>
  </testcase>
  <testcase name="shouldAddTwoNumbers" classname="CalculatorTest" time="0.0">
    <system-out><![CDATA[End Test Case
After class
Before class
Start Test Case
]]></system-out>
  </testcase>
  <testcase name="shouldSubtractTwoNumbers" classname="CalculatorTest" time="0.0">
    <system-out><![CDATA[End Test Case
Start Test Case
]]></system-out>
  </testcase>
  <testcase name="shouldSubtractTwoNumbers" classname="CalculatorTest" time="0.0">
    <system-out><![CDATA[Start Test Case
]]></system-out>
  </testcase>
  <testcase name="shouldMultiplyTwoNumbers[10, 5](1)" classname="CalculatorTest" time="0.006">
    <system-out><![CDATA[End Test Case
After class
Before class
Start Test Case
]]></system-out>
  </testcase>
  <testcase name="shouldDivideTwoNumbers[10, 5](1)" classname="CalculatorTest" time="0.0">
    <system-out><![CDATA[End Test Case
Start Test Case
]]></system-out>
  </testcase>
  <testcase name="shouldValidateMultipleOperationsUsingSoftAssert" classname="CalculatorTest" time="0.006">
    <system-out><![CDATA[End Test Case
Start Test Case
]]></system-out>
  </testcase>
  <testcase name="shouldValidateMultipleOperationsUsingSoftAssert" classname="CalculatorTest" time="0.0">
    <system-out><![CDATA[End Test Case
Start Test Case
]]></system-out>
  </testcase>
  <testcase name="shouldDivideTwoNumbers" classname="CalculatorTest" time="0.015">
    <failure message="&#10;Parameter &apos;a&apos; is required by @Test on method shouldDivideTwoNumbers but has not been marked @Optional or defined&#10;in C:\Users\Admin\TuDT32_Selenium\TestNG\wait.xml" type="org.testng.TestNGException"><![CDATA[org.testng.TestNGException: 

Parameter 'a' is required by @Test on method shouldDivideTwoNumbers but has not been marked @Optional or defined
in C:\Users\Admin\TuDT32_Selenium\TestNG\wait.xml
	at org.testng.internal.Parameters.createParams(Parameters.java:264)
	at org.testng.internal.Parameters.createParametersForMethod(Parameters.java:352)
	at org.testng.internal.Parameters.createParameters(Parameters.java:690)
	at org.testng.internal.Parameters.handleParameters(Parameters.java:885)
	at org.testng.internal.Parameters.handleParameters(Parameters.java:734)
	at org.testng.internal.invokers.ParameterHandler.handleParameters(ParameterHandler.java:72)
	at org.testng.internal.invokers.ParameterHandler.createParameters(ParameterHandler.java:51)
	at org.testng.internal.invokers.TestInvoker$MethodInvocationAgent.invoke(TestInvoker.java:949)
	at org.testng.internal.invokers.TestInvoker.invokeTestMethods(TestInvoker.java:203)
	at org.testng.internal.invokers.TestMethodWorker.invokeTestMethods(TestMethodWorker.java:154)
	at org.testng.internal.invokers.TestMethodWorker.run(TestMethodWorker.java:134)
	at java.base/java.util.concurrent.Executors$RunnableAdapter.call(Executors.java:572)
	at java.base/java.util.concurrent.FutureTask.run(FutureTask.java:317)
	at org.testng.internal.thread.graph.TestNGFutureTask.run(TestNGFutureTask.java:22)
	at java.base/java.util.concurrent.ThreadPoolExecutor.runWorker(ThreadPoolExecutor.java:1144)
	at java.base/java.util.concurrent.ThreadPoolExecutor$Worker.run(ThreadPoolExecutor.java:642)
	at java.base/java.lang.Thread.run(Thread.java:1583)
]]></failure>
    <system-out><![CDATA[End Test Case
]]></system-out>
  </testcase>
  <testcase name="shouldMultiplyTwoNumbers" classname="CalculatorTest" time="0.015">
    <failure message="&#10;Parameter &apos;a&apos; is required by @Test on method shouldMultiplyTwoNumbers but has not been marked @Optional or defined&#10;in C:\Users\Admin\TuDT32_Selenium\TestNG\wait.xml" type="org.testng.TestNGException"><![CDATA[org.testng.TestNGException: 

Parameter 'a' is required by @Test on method shouldMultiplyTwoNumbers but has not been marked @Optional or defined
in C:\Users\Admin\TuDT32_Selenium\TestNG\wait.xml
	at org.testng.internal.Parameters.createParams(Parameters.java:264)
	at org.testng.internal.Parameters.createParametersForMethod(Parameters.java:352)
	at org.testng.internal.Parameters.createParameters(Parameters.java:690)
	at org.testng.internal.Parameters.handleParameters(Parameters.java:885)
	at org.testng.internal.Parameters.handleParameters(Parameters.java:734)
	at org.testng.internal.invokers.ParameterHandler.handleParameters(ParameterHandler.java:72)
	at org.testng.internal.invokers.ParameterHandler.createParameters(ParameterHandler.java:51)
	at org.testng.internal.invokers.TestInvoker$MethodInvocationAgent.invoke(TestInvoker.java:949)
	at org.testng.internal.invokers.TestInvoker.invokeTestMethods(TestInvoker.java:203)
	at org.testng.internal.invokers.TestMethodWorker.invokeTestMethods(TestMethodWorker.java:154)
	at org.testng.internal.invokers.TestMethodWorker.run(TestMethodWorker.java:134)
	at java.base/java.util.concurrent.Executors$RunnableAdapter.call(Executors.java:572)
	at java.base/java.util.concurrent.FutureTask.run(FutureTask.java:317)
	at org.testng.internal.thread.graph.TestNGFutureTask.run(TestNGFutureTask.java:22)
	at java.base/java.util.concurrent.ThreadPoolExecutor.runWorker(ThreadPoolExecutor.java:1144)
	at java.base/java.util.concurrent.ThreadPoolExecutor$Worker.run(ThreadPoolExecutor.java:642)
	at java.base/java.lang.Thread.run(Thread.java:1583)
]]></failure>
  </testcase>
  <testcase name="shouldThrowExceptionWhenDivideByZero" classname="CalculatorTest" time="0.002">
    <system-out><![CDATA[End Test Case
Start Test Case
]]></system-out>
  </testcase>
  <testcase name="testSuccessMessage" classname="Test1WaitStrategies" time="5.503">
    <system-out><![CDATA[End Test Case
After class
]]></system-out>
    <system-err><![CDATA[Jan 26, 2026 10:58:50 PM org.openqa.selenium.devtools.CdpVersionFinder findNearestMatch
WARNING: Unable to find an exact match for CDP version 144, returning the closest version; found: 143; Please update to a Selenium version that supports CDP version 144
]]></system-err>
  </testcase>
  <testcase name="testAdvance" classname="Test1WaitStrategies" time="5.514">
    <system-err><![CDATA[Jan 26, 2026 10:59:02 PM org.openqa.selenium.devtools.CdpVersionFinder findNearestMatch
WARNING: Unable to find an exact match for CDP version 144, returning the closest version; found: 143; Please update to a Selenium version that supports CDP version 144
]]></system-err>
  </testcase>
</testsuite>