<?xml version="1.0" encoding="UTF-8"?>
<!-- Generated by org.testng.reporters.JUnitXMLReporter -->
<testsuite ignored="4" hostname="DESKTOP-E8APF7Q" failures="0" tests="2" name="Smoke test" time="0.066" errors="0" timestamp="2026-01-26T22:58:48 ICT">
  <testcase classname="CalculatorTest" name="shouldAddTwoNumbers" time="0.004"/>
  <testcase classname="CalculatorTest" name="shouldSubtractTwoNumbers" time="0.001"/>
  <testcase classname="CalculatorTest" name="shouldMultiplyTwoNumbers" time="0.0">
    <ignored/>
  </testcase> <!-- shouldMultiplyTwoNumbers -->
  <testcase classname="CalculatorTest" name="shouldDivideTwoNumbers" time="0.0">
    <ignored/>
  </testcase> <!-- shouldDivideTwoNumbers -->
  <testcase classname="CalculatorTest" name="shouldValidateMultipleOperationsUsingSoftAssert" time="0.0">
    <ignored/>
  </testcase> <!-- shouldValidateMultipleOperationsUsingSoftAssert -->
  <testcase classname="CalculatorTest" name="shouldThrowExceptionWhenDivideByZero" time="0.0">
    <ignored/>
  </testcase> <!-- shouldThrowExceptionWhenDivideByZero -->
</testsuite> <!-- Smoke test -->
