<?xml version="1.0" encoding="UTF-8"?>
<!-- Generated by org.testng.reporters.JUnitXMLReporter -->
<testsuite ignored="0" hostname="DESKTOP-E8APF7Q" failures="5" tests="5" name="Mouse Action and Keyboard" time="0.065" errors="0" timestamp="2026-02-03T18:28:05 ICT">
  <testcase classname="ButtonTest" name="double_click_success" time="0.008">
    <failure type="java.lang.NullPointerException" message="Cannot invoke &amp;quot;pages.ButtonPage.doubleClickButton(org.openqa.selenium.By)&amp;quot; because &amp;quot;this.buttonPage&amp;quot; is null">
      <![CDATA[java.lang.NullPointerException: Cannot invoke "pages.ButtonPage.doubleClickButton(org.openqa.selenium.By)" because "this.buttonPage" is null
at ButtonTest.double_click_success(ButtonTest.java:25)
at java.base/java.util.ArrayList.forEach(ArrayList.java:1596)
... Removed 29 stack frames]]>
    </failure>
  </testcase> <!-- double_click_success -->
  <testcase classname="ButtonTest" name="double_click_unsuccess" time="0.001">
    <failure type="java.lang.NullPointerException" message="Cannot invoke &amp;quot;pages.ButtonPage.moveToButtonAndClick(org.openqa.selenium.By)&amp;quot; because &amp;quot;this.buttonPage&amp;quot; is null">
      <![CDATA[java.lang.NullPointerException: Cannot invoke "pages.ButtonPage.moveToButtonAndClick(org.openqa.selenium.By)" because "this.buttonPage" is null
at ButtonTest.double_click_unsuccess(ButtonTest.java:33)
at java.base/java.util.ArrayList.forEach(ArrayList.java:1596)
... Removed 29 stack frames]]>
    </failure>
  </testcase> <!-- double_click_unsuccess -->
  <testcase classname="ButtonTest" name="move_and_click_success" time="0.001">
    <failure type="java.lang.NullPointerException" message="Cannot invoke &amp;quot;pages.ButtonPage.moveToButtonAndClick(org.openqa.selenium.By)&amp;quot; because &amp;quot;this.buttonPage&amp;quot; is null">
      <![CDATA[java.lang.NullPointerException: Cannot invoke "pages.ButtonPage.moveToButtonAndClick(org.openqa.selenium.By)" because "this.buttonPage" is null
at ButtonTest.move_and_click_success(ButtonTest.java:55)
at java.base/java.util.ArrayList.forEach(ArrayList.java:1596)
... Removed 29 stack frames]]>
    </failure>
  </testcase> <!-- move_and_click_success -->
  <testcase classname="ButtonTest" name="right_click_success" time="0.001">
    <failure type="java.lang.NullPointerException" message="Cannot invoke &amp;quot;pages.ButtonPage.rightClickButton(org.openqa.selenium.By)&amp;quot; because &amp;quot;this.buttonPage&amp;quot; is null">
      <![CDATA[java.lang.NullPointerException: Cannot invoke "pages.ButtonPage.rightClickButton(org.openqa.selenium.By)" because "this.buttonPage" is null
at ButtonTest.right_click_success(ButtonTest.java:40)
at java.base/java.util.ArrayList.forEach(ArrayList.java:1596)
... Removed 29 stack frames]]>
    </failure>
  </testcase> <!-- right_click_success -->
  <testcase classname="ButtonTest" name="right_click_unsuccess" time="0.001">
    <failure type="java.lang.NullPointerException" message="Cannot invoke &amp;quot;pages.ButtonPage.doubleClickButton(org.openqa.selenium.By)&amp;quot; because &amp;quot;this.buttonPage&amp;quot; is null">
      <![CDATA[java.lang.NullPointerException: Cannot invoke "pages.ButtonPage.doubleClickButton(org.openqa.selenium.By)" because "this.buttonPage" is null
at ButtonTest.right_click_unsuccess(ButtonTest.java:47)
at java.base/java.util.ArrayList.forEach(ArrayList.java:1596)
... Removed 29 stack frames]]>
    </failure>
  </testcase> <!-- right_click_unsuccess -->
</testsuite> <!-- Mouse Action and Keyboard -->
