<?xml version="1.0" encoding="UTF-8"?>
<!-- Generated by org.testng.reporters.JUnitXMLReporter -->
<testsuite ignored="0" hostname="DESKTOP-E8APF7Q" failures="0" tests="5" name="Mouse Action and Keyboard" time="139.603" errors="0" timestamp="2026-02-03T18:38:12 ICT">
  <testcase classname="ButtonTest" name="double_click_success" time="0.295"/>
  <testcase classname="ButtonTest" name="double_click_unsuccess" time="0.44"/>
  <testcase classname="ButtonTest" name="move_and_click_success" time="0.477"/>
  <testcase classname="ButtonTest" name="right_click_success" time="0.267"/>
  <testcase classname="ButtonTest" name="right_click_unsuccess" time="0.212"/>
</testsuite> <!-- Mouse Action and Keyboard -->
