<?xml version="1.0" encoding="UTF-8"?>
<!-- Generated by org.testng.reporters.JUnitXMLReporter -->
<testsuite ignored="0" hostname="DESKTOP-E8APF7Q" failures="0" tests="5" name="Surefire test" time="64.895" errors="0" timestamp="2026-02-02T15:12:10 ICT">
  <testcase classname="ButtonTest" name="double_click_success" time="0.311"/>
  <testcase classname="ButtonTest" name="double_click_unsuccess" time="0.446"/>
  <testcase classname="ButtonTest" name="right_click_success" time="0.246"/>
  <testcase classname="ButtonTest" name="right_click_unsuccess" time="0.246"/>
  <testcase classname="ButtonTest" name="move_and_click_success" time="0.428"/>
</testsuite> <!-- Surefire test -->
