<?xml version="1.0" encoding="UTF-8"?>
<!-- Generated by org.testng.reporters.JUnitXMLReporter -->
<testsuite ignored="0" hostname="DESKTOP-E8APF7Q" failures="0" tests="4" name="Login Test" time="20.453" errors="0" timestamp="2026-01-31T18:37:01 ICT">
  <testcase classname="tests.LoginTest" name="test_login_successfully" time="2.319"/>
  <testcase classname="tests.LoginTest" name="test_login_invalid_username" time="1.89"/>
  <testcase classname="tests.LoginTest" name="test_login_invalid_password" time="2.01"/>
  <testcase classname="tests.LoginTest" name="test_advanced_requirements" time="2.382"/>
</testsuite> <!-- Login Test -->
