<?xml version="1.0" encoding="UTF-8"?>
<!-- Generated by org.testng.reporters.JUnitReportReporter -->
<testsuite hostname="DESKTOP-E8APF7Q" failures="0" tests="5" name="ButtonTest" time="64.828" errors="0" timestamp="2026-02-02T15:12:10 ICT" skipped="0">
  <testcase classname="ButtonTest" name="double_click_success" time="12.355"/>
  <testcase classname="ButtonTest" name="double_click_unsuccess" time="13.652"/>
  <testcase classname="ButtonTest" name="right_click_success" time="13.719"/>
  <testcase classname="ButtonTest" name="right_click_unsuccess" time="12.442"/>
  <testcase classname="ButtonTest" name="move_and_click_success" time="12.660"/>
</testsuite> <!-- ButtonTest -->
