<?xml version="1.0" encoding="UTF-8"?>
<!-- Generated by org.testng.reporters.JUnitReportReporter -->
<testsuite hostname="DESKTOP-E8APF7Q" failures="0" tests="5" name="ButtonTest" time="34.763" errors="0" timestamp="2026-02-07T15:14:00 ICT" skipped="0">
  <testcase classname="ButtonTest" name="testRightClickSuccess" time="7.176"/>
  <testcase classname="ButtonTest" name="testRightClickUnsuccessful" time="7.005"/>
  <testcase classname="ButtonTest" name="testDoubleClickSuccess" time="6.019"/>
  <testcase classname="ButtonTest" name="testDoubleClickUnsuccessful" time="7.394"/>
  <testcase classname="ButtonTest" name="testMoveAndClickSuccess" time="7.169"/>
</testsuite> <!-- ButtonTest -->
