<?xml version="1.0" encoding="UTF-8"?>
<!-- Generated by org.testng.reporters.JUnitReportReporter -->
<testsuite hostname="DESKTOP-E8APF7Q" failures="0" tests="11" name="CalculatorTest" time="0.030" errors="2" timestamp="2026-01-26T22:59:12 ICT" skipped="0">
  <testcase classname="CalculatorTest" name="shouldMultiplyTwoNumbers" time="0.006"/>
  <testcase classname="CalculatorTest" name="shouldSubtractTwoNumbers" time="0.002"/>
  <testcase classname="CalculatorTest" name="shouldMultiplyTwoNumbers" time="0.000">
    <error message="
Parameter &#039;a&#039; is required by @Test on method shouldMultiplyTwoNumbers but has not been marked @Optional or defined
in C:\Users\Admin\TuDT32_Selenium\TestNG\wait.xml" type="org.testng.TestNGException">
      <![CDATA[org.testng.TestNGException: 
Parameter 'a' is required by @Test on method shouldMultiplyTwoNumbers but has not been marked @Optional or defined
in C:\Users\Admin\TuDT32_Selenium\TestNG\wait.xml
at org.testng.internal.Parameters.createParams(Parameters.java:264)
at org.testng.internal.Parameters.createParametersForMethod(Parameters.java:352)
at org.testng.internal.Parameters.createParameters(Parameters.java:690)
at org.testng.internal.Parameters.handleParameters(Parameters.java:885)
at org.testng.internal.Parameters.handleParameters(Parameters.java:734)
at org.testng.internal.invokers.ParameterHandler.handleParameters(ParameterHandler.java:72)
at org.testng.internal.invokers.ParameterHandler.createParameters(ParameterHandler.java:51)
at org.testng.internal.invokers.TestInvoker$MethodInvocationAgent.invoke(TestInvoker.java:949)
at org.testng.internal.invokers.TestInvoker.invokeTestMethods(TestInvoker.java:203)
at org.testng.internal.invokers.TestMethodWorker.invokeTestMethods(TestMethodWorker.java:154)
at org.testng.internal.invokers.TestMethodWorker.run(TestMethodWorker.java:134)
at java.base/java.util.concurrent.Executors$RunnableAdapter.call(Executors.java:572)
at java.base/java.util.concurrent.FutureTask.run(FutureTask.java:317)
at org.testng.internal.thread.graph.TestNGFutureTask.run(TestNGFutureTask.java:22)
at java.base/java.util.concurrent.ThreadPoolExecutor.runWorker(ThreadPoolExecutor.java:1144)
at java.base/java.util.concurrent.ThreadPoolExecutor$Worker.run(ThreadPoolExecutor.java:642)
at java.base/java.lang.Thread.run(Thread.java:1583)
]]>
    </error>
  </testcase> <!-- shouldMultiplyTwoNumbers -->
  <testcase classname="CalculatorTest" name="shouldValidateMultipleOperationsUsingSoftAssert" time="0.007"/>
  <testcase classname="CalculatorTest" name="shouldDivideTwoNumbers" time="0.000">
    <error message="
Parameter &#039;a&#039; is required by @Test on method shouldDivideTwoNumbers but has not been marked @Optional or defined
in C:\Users\Admin\TuDT32_Selenium\TestNG\wait.xml" type="org.testng.TestNGException">
      <![CDATA[org.testng.TestNGException: 
Parameter 'a' is required by @Test on method shouldDivideTwoNumbers but has not been marked @Optional or defined
in C:\Users\Admin\TuDT32_Selenium\TestNG\wait.xml
at org.testng.internal.Parameters.createParams(Parameters.java:264)
at org.testng.internal.Parameters.createParametersForMethod(Parameters.java:352)
at org.testng.internal.Parameters.createParameters(Parameters.java:690)
at org.testng.internal.Parameters.handleParameters(Parameters.java:885)
at org.testng.internal.Parameters.handleParameters(Parameters.java:734)
at org.testng.internal.invokers.ParameterHandler.handleParameters(ParameterHandler.java:72)
at org.testng.internal.invokers.ParameterHandler.createParameters(ParameterHandler.java:51)
at org.testng.internal.invokers.TestInvoker$MethodInvocationAgent.invoke(TestInvoker.java:949)
at org.testng.internal.invokers.TestInvoker.invokeTestMethods(TestInvoker.java:203)
at org.testng.internal.invokers.TestMethodWorker.invokeTestMethods(TestMethodWorker.java:154)
at org.testng.internal.invokers.TestMethodWorker.run(TestMethodWorker.java:134)
at java.base/java.util.concurrent.Executors$RunnableAdapter.call(Executors.java:572)
at java.base/java.util.concurrent.FutureTask.run(FutureTask.java:317)
at org.testng.internal.thread.graph.TestNGFutureTask.run(TestNGFutureTask.java:22)
at java.base/java.util.concurrent.ThreadPoolExecutor.runWorker(ThreadPoolExecutor.java:1144)
at java.base/java.util.concurrent.ThreadPoolExecutor$Worker.run(ThreadPoolExecutor.java:642)
at java.base/java.lang.Thread.run(Thread.java:1583)
]]>
    </error>
  </testcase> <!-- shouldDivideTwoNumbers -->
  <testcase classname="CalculatorTest" name="shouldAddTwoNumbers" time="0.008"/>
  <testcase classname="CalculatorTest" name="shouldSubtractTwoNumbers" time="0.001"/>
  <testcase classname="CalculatorTest" name="shouldDivideTwoNumbers" time="0.003"/>
  <testcase classname="CalculatorTest" name="shouldAddTwoNumbers" time="0.001"/>
  <testcase classname="CalculatorTest" name="shouldValidateMultipleOperationsUsingSoftAssert" time="0.000"/>
  <testcase classname="CalculatorTest" name="shouldThrowExceptionWhenDivideByZero" time="0.002"/>
</testsuite> <!-- CalculatorTest -->
