<?xml version="1.0" encoding="UTF-8"?>
<testng-results ignored="0" total="7" passed="7" failed="0" skipped="0">
  <reporter-output>
  </reporter-output>
  <suite started-at="2026-02-07T15:13:12 ICT" name="Test Suite" finished-at="2026-02-07T15:14:00 ICT" duration-ms="48160">
    <groups>
    </groups>
    <test started-at="2026-02-07T15:13:12 ICT" name="Button Tests" finished-at="2026-02-07T15:13:46 ICT" duration-ms="34820">
      <class name="ButtonTest">
        <test-method is-config="true" signature="initBrowser()[pri:0, instance:ButtonTest@43195e57]" started-at="2026-02-07T15:13:12 ICT" name="initBrowser" finished-at="2026-02-07T15:13:13 ICT" duration-ms="1608" status="PASS">
          <reporter-output>
          </reporter-output>
        </test-method> <!-- initBrowser -->
        <test-method is-config="true" signature="setup()[pri:0, instance:ButtonTest@43195e57]" started-at="2026-02-07T15:13:13 ICT" name="setup" finished-at="2026-02-07T15:13:19 ICT" duration-ms="5672" status="PASS">
          <reporter-output>
          </reporter-output>
        </test-method> <!-- setup -->
        <test-method signature="testDoubleClickSuccess()[pri:0, instance:ButtonTest@43195e57]" started-at="2026-02-07T15:13:19 ICT" name="testDoubleClickSuccess" finished-at="2026-02-07T15:13:19 ICT" duration-ms="387" status="PASS">
          <reporter-output>
          </reporter-output>
        </test-method> <!-- testDoubleClickSuccess -->
        <test-method is-config="true" signature="tearDown()[pri:0, instance:ButtonTest@43195e57]" started-at="2026-02-07T15:13:19 ICT" name="tearDown" finished-at="2026-02-07T15:13:20 ICT" duration-ms="552" status="PASS">
          <reporter-output>
          </reporter-output>
        </test-method> <!-- tearDown -->
        <test-method is-config="true" signature="initBrowser()[pri:0, instance:ButtonTest@43195e57]" started-at="2026-02-07T15:13:20 ICT" name="initBrowser" finished-at="2026-02-07T15:13:21 ICT" duration-ms="709" status="PASS">
          <reporter-output>
          </reporter-output>
        </test-method> <!-- initBrowser -->
        <test-method is-config="true" signature="setup()[pri:0, instance:ButtonTest@43195e57]" started-at="2026-02-07T15:13:21 ICT" name="setup" finished-at="2026-02-07T15:13:25 ICT" duration-ms="4371" status="PASS">
          <reporter-output>
          </reporter-output>
        </test-method> <!-- setup -->
        <test-method signature="testDoubleClickUnsuccessful()[pri:0, instance:ButtonTest@43195e57]" started-at="2026-02-07T15:13:25 ICT" name="testDoubleClickUnsuccessful" finished-at="2026-02-07T15:13:25 ICT" duration-ms="486" status="PASS">
          <reporter-output>
          </reporter-output>
        </test-method> <!-- testDoubleClickUnsuccessful -->
        <test-method is-config="true" signature="tearDown()[pri:0, instance:ButtonTest@43195e57]" started-at="2026-02-07T15:13:25 ICT" name="tearDown" finished-at="2026-02-07T15:13:26 ICT" duration-ms="382" status="PASS">
          <reporter-output>
          </reporter-output>
        </test-method> <!-- tearDown -->
        <test-method is-config="true" signature="initBrowser()[pri:0, instance:ButtonTest@43195e57]" started-at="2026-02-07T15:13:26 ICT" name="initBrowser" finished-at="2026-02-07T15:13:26 ICT" duration-ms="658" status="PASS">
          <reporter-output>
          </reporter-output>
        </test-method> <!-- initBrowser -->
        <test-method is-config="true" signature="setup()[pri:0, instance:ButtonTest@43195e57]" started-at="2026-02-07T15:13:26 ICT" name="setup" finished-at="2026-02-07T15:13:31 ICT" duration-ms="4808" status="PASS">
          <reporter-output>
          </reporter-output>
        </test-method> <!-- setup -->
        <test-method signature="testMoveAndClickSuccess()[pri:0, instance:ButtonTest@43195e57]" started-at="2026-02-07T15:13:31 ICT" name="testMoveAndClickSuccess" finished-at="2026-02-07T15:13:32 ICT" duration-ms="433" status="PASS">
          <reporter-output>
          </reporter-output>
        </test-method> <!-- testMoveAndClickSuccess -->
        <test-method is-config="true" signature="tearDown()[pri:0, instance:ButtonTest@43195e57]" started-at="2026-02-07T15:13:32 ICT" name="tearDown" finished-at="2026-02-07T15:13:32 ICT" duration-ms="390" status="PASS">
          <reporter-output>
          </reporter-output>
        </test-method> <!-- tearDown -->
        <test-method is-config="true" signature="initBrowser()[pri:0, instance:ButtonTest@43195e57]" started-at="2026-02-07T15:13:32 ICT" name="initBrowser" finished-at="2026-02-07T15:13:33 ICT" duration-ms="697" status="PASS">
          <reporter-output>
          </reporter-output>
        </test-method> <!-- initBrowser -->
        <test-method is-config="true" signature="setup()[pri:0, instance:ButtonTest@43195e57]" started-at="2026-02-07T15:13:33 ICT" name="setup" finished-at="2026-02-07T15:13:39 ICT" duration-ms="5864" status="PASS">
          <reporter-output>
          </reporter-output>
        </test-method> <!-- setup -->
        <test-method signature="testRightClickSuccess()[pri:0, instance:ButtonTest@43195e57]" started-at="2026-02-07T15:13:39 ICT" name="testRightClickSuccess" finished-at="2026-02-07T15:13:39 ICT" duration-ms="264" status="PASS">
          <reporter-output>
          </reporter-output>
        </test-method> <!-- testRightClickSuccess -->
        <test-method is-config="true" signature="tearDown()[pri:0, instance:ButtonTest@43195e57]" started-at="2026-02-07T15:13:39 ICT" name="tearDown" finished-at="2026-02-07T15:13:39 ICT" duration-ms="398" status="PASS">
          <reporter-output>
          </reporter-output>
        </test-method> <!-- tearDown -->
        <test-method is-config="true" signature="initBrowser()[pri:0, instance:ButtonTest@43195e57]" started-at="2026-02-07T15:13:39 ICT" name="initBrowser" finished-at="2026-02-07T15:13:40 ICT" duration-ms="677" status="PASS">
          <reporter-output>
          </reporter-output>
        </test-method> <!-- initBrowser -->
        <test-method is-config="true" signature="setup()[pri:0, instance:ButtonTest@43195e57]" started-at="2026-02-07T15:13:40 ICT" name="setup" finished-at="2026-02-07T15:13:46 ICT" duration-ms="5849" status="PASS">
          <reporter-output>
          </reporter-output>
        </test-method> <!-- setup -->
        <test-method signature="testRightClickUnsuccessful()[pri:0, instance:ButtonTest@43195e57]" started-at="2026-02-07T15:13:46 ICT" name="testRightClickUnsuccessful" finished-at="2026-02-07T15:13:46 ICT" duration-ms="191" status="PASS">
          <reporter-output>
          </reporter-output>
        </test-method> <!-- testRightClickUnsuccessful -->
        <test-method is-config="true" signature="tearDown()[pri:0, instance:ButtonTest@43195e57]" started-at="2026-02-07T15:13:46 ICT" name="tearDown" finished-at="2026-02-07T15:13:46 ICT" duration-ms="367" status="PASS">
          <reporter-output>
          </reporter-output>
        </test-method> <!-- tearDown -->
      </class> <!-- ButtonTest -->
    </test> <!-- Button Tests -->
    <test started-at="2026-02-07T15:13:46 ICT" name="Droppable Tests" finished-at="2026-02-07T15:13:52 ICT" duration-ms="5980">
      <class name="DropAndDragTest">
        <test-method is-config="true" signature="initBrowser()[pri:0, instance:DropAndDragTest@4562e04d]" started-at="2026-02-07T15:13:46 ICT" name="initBrowser" finished-at="2026-02-07T15:13:47 ICT" duration-ms="672" status="PASS">
          <reporter-output>
          </reporter-output>
        </test-method> <!-- initBrowser -->
        <test-method is-config="true" signature="setup()[pri:0, instance:DropAndDragTest@4562e04d]" started-at="2026-02-07T15:13:47 ICT" name="setup" finished-at="2026-02-07T15:13:52 ICT" duration-ms="4545" status="PASS">
          <reporter-output>
          </reporter-output>
        </test-method> <!-- setup -->
        <test-method signature="testDragAndDrop()[pri:0, instance:DropAndDragTest@4562e04d]" started-at="2026-02-07T15:13:52 ICT" name="testDragAndDrop" finished-at="2026-02-07T15:13:52 ICT" duration-ms="383" status="PASS">
          <reporter-output>
          </reporter-output>
        </test-method> <!-- testDragAndDrop -->
        <test-method is-config="true" signature="tearDown()[pri:0, instance:DropAndDragTest@4562e04d]" started-at="2026-02-07T15:13:52 ICT" name="tearDown" finished-at="2026-02-07T15:13:52 ICT" duration-ms="379" status="PASS">
          <reporter-output>
          </reporter-output>
        </test-method> <!-- tearDown -->
      </class> <!-- DropAndDragTest -->
    </test> <!-- Droppable Tests -->
    <test started-at="2026-02-07T15:13:52 ICT" name="TextBox Tests" finished-at="2026-02-07T15:14:00 ICT" duration-ms="7344">
      <class name="TextBoxTest">
        <test-method is-config="true" signature="initBrowser()[pri:0, instance:TextBoxTest@31304f14]" started-at="2026-02-07T15:13:52 ICT" name="initBrowser" finished-at="2026-02-07T15:13:53 ICT" duration-ms="688" status="PASS">
          <reporter-output>
          </reporter-output>
        </test-method> <!-- initBrowser -->
        <test-method is-config="true" signature="setup()[pri:0, instance:TextBoxTest@31304f14]" started-at="2026-02-07T15:13:53 ICT" name="setup" finished-at="2026-02-07T15:13:59 ICT" duration-ms="5720" status="PASS">
          <reporter-output>
          </reporter-output>
        </test-method> <!-- setup -->
        <test-method signature="testSetCurrentAddress()[pri:0, instance:TextBoxTest@31304f14]" started-at="2026-02-07T15:13:59 ICT" name="testSetCurrentAddress" finished-at="2026-02-07T15:13:59 ICT" duration-ms="608" status="PASS">
          <reporter-output>
          </reporter-output>
        </test-method> <!-- testSetCurrentAddress -->
        <test-method is-config="true" signature="tearDown()[pri:0, instance:TextBoxTest@31304f14]" started-at="2026-02-07T15:13:59 ICT" name="tearDown" finished-at="2026-02-07T15:14:00 ICT" duration-ms="327" status="PASS">
          <reporter-output>
          </reporter-output>
        </test-method> <!-- tearDown -->
      </class> <!-- TextBoxTest -->
    </test> <!-- TextBox Tests -->
  </suite> <!-- Test Suite -->
</testng-results>
