<?xml version="1.0" encoding="UTF-8"?>
<testng-results ignored="0" total="5" passed="5" failed="0" skipped="0">
  <reporter-output>
  </reporter-output>
  <suite started-at="2026-02-03T18:35:53 ICT" name="Mouse Action and Keyboard Test" finished-at="2026-02-03T18:38:12 ICT" duration-ms="139603">
    <groups>
    </groups>
    <test started-at="2026-02-03T18:35:53 ICT" name="Mouse Action and Keyboard" finished-at="2026-02-03T18:38:12 ICT" duration-ms="139603">
      <class name="ButtonTest">
        <test-method is-config="true" signature="initBrowser()[pri:0, instance:ButtonTest@43195e57]" started-at="2026-02-03T18:35:53 ICT" name="initBrowser" finished-at="2026-02-03T18:36:27 ICT" duration-ms="33976" status="PASS">
          <reporter-output>
          </reporter-output>
        </test-method> <!-- initBrowser -->
        <test-method is-config="true" signature="setup()[pri:0, instance:ButtonTest@43195e57]" started-at="2026-02-03T18:36:27 ICT" name="setup" finished-at="2026-02-03T18:36:27 ICT" duration-ms="14" status="PASS">
          <reporter-output>
          </reporter-output>
        </test-method> <!-- setup -->
        <test-method signature="double_click_success()[pri:0, instance:ButtonTest@43195e57]" started-at="2026-02-03T18:36:27 ICT" name="double_click_success" finished-at="2026-02-03T18:36:27 ICT" duration-ms="295" status="PASS">
          <reporter-output>
          </reporter-output>
        </test-method> <!-- double_click_success -->
        <test-method is-config="true" signature="teaDown()[pri:0, instance:ButtonTest@43195e57]" started-at="2026-02-03T18:36:27 ICT" name="teaDown" finished-at="2026-02-03T18:36:27 ICT" duration-ms="473" status="PASS">
          <reporter-output>
          </reporter-output>
        </test-method> <!-- teaDown -->
        <test-method is-config="true" signature="initBrowser()[pri:0, instance:ButtonTest@43195e57]" started-at="2026-02-03T18:36:27 ICT" name="initBrowser" finished-at="2026-02-03T18:36:45 ICT" duration-ms="17620" status="PASS">
          <reporter-output>
          </reporter-output>
        </test-method> <!-- initBrowser -->
        <test-method is-config="true" signature="setup()[pri:0, instance:ButtonTest@43195e57]" started-at="2026-02-03T18:36:45 ICT" name="setup" finished-at="2026-02-03T18:36:45 ICT" duration-ms="1" status="PASS">
          <reporter-output>
          </reporter-output>
        </test-method> <!-- setup -->
        <test-method signature="double_click_unsuccess()[pri:0, instance:ButtonTest@43195e57]" started-at="2026-02-03T18:36:45 ICT" name="double_click_unsuccess" finished-at="2026-02-03T18:36:46 ICT" duration-ms="440" status="PASS">
          <reporter-output>
          </reporter-output>
        </test-method> <!-- double_click_unsuccess -->
        <test-method is-config="true" signature="teaDown()[pri:0, instance:ButtonTest@43195e57]" started-at="2026-02-03T18:36:46 ICT" name="teaDown" finished-at="2026-02-03T18:36:46 ICT" duration-ms="389" status="PASS">
          <reporter-output>
          </reporter-output>
        </test-method> <!-- teaDown -->
        <test-method is-config="true" signature="initBrowser()[pri:0, instance:ButtonTest@43195e57]" started-at="2026-02-03T18:36:46 ICT" name="initBrowser" finished-at="2026-02-03T18:37:26 ICT" duration-ms="39576" status="PASS">
          <reporter-output>
          </reporter-output>
        </test-method> <!-- initBrowser -->
        <test-method signature="move_and_click_success()[pri:0, instance:ButtonTest@43195e57]" started-at="2026-02-03T18:37:26 ICT" name="move_and_click_success" finished-at="2026-02-03T18:37:26 ICT" duration-ms="477" status="PASS">
          <reporter-output>
          </reporter-output>
        </test-method> <!-- move_and_click_success -->
        <test-method is-config="true" signature="setup()[pri:0, instance:ButtonTest@43195e57]" started-at="2026-02-03T18:37:26 ICT" name="setup" finished-at="2026-02-03T18:37:26 ICT" duration-ms="0" status="PASS">
          <reporter-output>
          </reporter-output>
        </test-method> <!-- setup -->
        <test-method is-config="true" signature="teaDown()[pri:0, instance:ButtonTest@43195e57]" started-at="2026-02-03T18:37:26 ICT" name="teaDown" finished-at="2026-02-03T18:37:26 ICT" duration-ms="418" status="PASS">
          <reporter-output>
          </reporter-output>
        </test-method> <!-- teaDown -->
        <test-method is-config="true" signature="initBrowser()[pri:0, instance:ButtonTest@43195e57]" started-at="2026-02-03T18:37:26 ICT" name="initBrowser" finished-at="2026-02-03T18:37:52 ICT" duration-ms="25986" status="PASS">
          <reporter-output>
          </reporter-output>
        </test-method> <!-- initBrowser -->
        <test-method is-config="true" signature="setup()[pri:0, instance:ButtonTest@43195e57]" started-at="2026-02-03T18:37:52 ICT" name="setup" finished-at="2026-02-03T18:37:52 ICT" duration-ms="1" status="PASS">
          <reporter-output>
          </reporter-output>
        </test-method> <!-- setup -->
        <test-method signature="right_click_success()[pri:0, instance:ButtonTest@43195e57]" started-at="2026-02-03T18:37:52 ICT" name="right_click_success" finished-at="2026-02-03T18:37:53 ICT" duration-ms="267" status="PASS">
          <reporter-output>
          </reporter-output>
        </test-method> <!-- right_click_success -->
        <test-method is-config="true" signature="teaDown()[pri:0, instance:ButtonTest@43195e57]" started-at="2026-02-03T18:37:53 ICT" name="teaDown" finished-at="2026-02-03T18:37:53 ICT" duration-ms="387" status="PASS">
          <reporter-output>
          </reporter-output>
        </test-method> <!-- teaDown -->
        <test-method is-config="true" signature="initBrowser()[pri:0, instance:ButtonTest@43195e57]" started-at="2026-02-03T18:37:53 ICT" name="initBrowser" finished-at="2026-02-03T18:38:12 ICT" duration-ms="18616" status="PASS">
          <reporter-output>
          </reporter-output>
        </test-method> <!-- initBrowser -->
        <test-method is-config="true" signature="setup()[pri:0, instance:ButtonTest@43195e57]" started-at="2026-02-03T18:38:12 ICT" name="setup" finished-at="2026-02-03T18:38:12 ICT" duration-ms="1" status="PASS">
          <reporter-output>
          </reporter-output>
        </test-method> <!-- setup -->
        <test-method signature="right_click_unsuccess()[pri:0, instance:ButtonTest@43195e57]" started-at="2026-02-03T18:38:12 ICT" name="right_click_unsuccess" finished-at="2026-02-03T18:38:12 ICT" duration-ms="212" status="PASS">
          <reporter-output>
          </reporter-output>
        </test-method> <!-- right_click_unsuccess -->
        <test-method is-config="true" signature="teaDown()[pri:0, instance:ButtonTest@43195e57]" started-at="2026-02-03T18:38:12 ICT" name="teaDown" finished-at="2026-02-03T18:38:12 ICT" duration-ms="403" status="PASS">
          <reporter-output>
          </reporter-output>
        </test-method> <!-- teaDown -->
      </class> <!-- ButtonTest -->
    </test> <!-- Mouse Action and Keyboard -->
  </suite> <!-- Mouse Action and Keyboard Test -->
</testng-results>
