<?xml version="1.0" encoding="UTF-8"?>
<!-- Generated by org.testng.reporters.JUnitXMLReporter -->
<testsuite ignored="0" hostname="DESKTOP-E8APF7Q" failures="0" tests="5" name="Button Tests" time="34.82" errors="0" timestamp="2026-02-07T15:13:46 ICT">
  <testcase classname="ButtonTest" name="testDoubleClickSuccess" time="0.387"/>
  <testcase classname="ButtonTest" name="testDoubleClickUnsuccessful" time="0.486"/>
  <testcase classname="ButtonTest" name="testMoveAndClickSuccess" time="0.433"/>
  <testcase classname="ButtonTest" name="testRightClickSuccess" time="0.264"/>
  <testcase classname="ButtonTest" name="testRightClickUnsuccessful" time="0.191"/>
</testsuite> <!-- Button Tests -->
