<?xml version="1.0" encoding="UTF-8"?>
<testng-results ignored="0" total="2" passed="2" failed="0" skipped="0">
  <reporter-output>
  </reporter-output>
  <suite started-at="2026-02-08T14:25:51 ICT" name="File Operations" finished-at="2026-02-08T14:26:11 ICT" duration-ms="19956">
    <groups>
    </groups>
    <test started-at="2026-02-08T14:25:51 ICT" name="File Operations Test" finished-at="2026-02-08T14:26:11 ICT" duration-ms="19956">
      <class name="UploadDownloadTest">
        <test-method is-config="true" signature="initBrowser()[pri:0, instance:UploadDownloadTest@1dde4cb2]" started-at="2026-02-08T14:25:51 ICT" name="initBrowser" finished-at="2026-02-08T14:26:02 ICT" duration-ms="10767" status="PASS">
          <reporter-output>
          </reporter-output>
        </test-method> <!-- initBrowser -->
        <test-method is-config="true" signature="setUp()[pri:0, instance:UploadDownloadTest@1dde4cb2]" started-at="2026-02-08T14:26:02 ICT" name="setUp" finished-at="2026-02-08T14:26:02 ICT" duration-ms="12" status="PASS">
          <reporter-output>
          </reporter-output>
        </test-method> <!-- setUp -->
        <test-method signature="uploadAndDownloadFile_Advanced()[pri:0, instance:UploadDownloadTest@1dde4cb2]" started-at="2026-02-08T14:26:02 ICT" name="uploadAndDownloadFile_Advanced" finished-at="2026-02-08T14:26:02 ICT" duration-ms="461" status="PASS">
          <reporter-output>
          </reporter-output>
        </test-method> <!-- uploadAndDownloadFile_Advanced -->
        <test-method is-config="true" signature="tearDown()[pri:0, instance:UploadDownloadTest@1dde4cb2]" started-at="2026-02-08T14:26:02 ICT" name="tearDown" finished-at="2026-02-08T14:26:02 ICT" duration-ms="210" status="PASS">
          <reporter-output>
          </reporter-output>
        </test-method> <!-- tearDown -->
        <test-method is-config="true" signature="initBrowser()[pri:0, instance:UploadDownloadTest@1dde4cb2]" started-at="2026-02-08T14:26:02 ICT" name="initBrowser" finished-at="2026-02-08T14:26:10 ICT" duration-ms="7895" status="PASS">
          <reporter-output>
          </reporter-output>
        </test-method> <!-- initBrowser -->
        <test-method signature="uploadAndDownloadFile_Normal()[pri:0, instance:UploadDownloadTest@1dde4cb2]" started-at="2026-02-08T14:26:10 ICT" name="uploadAndDownloadFile_Normal" finished-at="2026-02-08T14:26:11 ICT" duration-ms="404" status="PASS">
          <reporter-output>
          </reporter-output>
        </test-method> <!-- uploadAndDownloadFile_Normal -->
        <test-method is-config="true" signature="setUp()[pri:0, instance:UploadDownloadTest@1dde4cb2]" started-at="2026-02-08T14:26:10 ICT" name="setUp" finished-at="2026-02-08T14:26:10 ICT" duration-ms="0" status="PASS">
          <reporter-output>
          </reporter-output>
        </test-method> <!-- setUp -->
        <test-method is-config="true" signature="tearDown()[pri:0, instance:UploadDownloadTest@1dde4cb2]" started-at="2026-02-08T14:26:11 ICT" name="tearDown" finished-at="2026-02-08T14:26:11 ICT" duration-ms="166" status="PASS">
          <reporter-output>
          </reporter-output>
        </test-method> <!-- tearDown -->
      </class> <!-- UploadDownloadTest -->
    </test> <!-- File Operations Test -->
  </suite> <!-- File Operations -->
</testng-results>
