<?xml version="1.0" encoding="UTF-8"?>
<!-- Generated by org.testng.reporters.JUnitXMLReporter -->
<testsuite ignored="3" hostname="DESKTOP-E8APF7Q" failures="0" tests="3" name="Regression test" time="0.021" errors="0" timestamp="2026-01-26T22:58:48 ICT">
  <testcase classname="CalculatorTest" name="shouldMultiplyTwoNumbers" time="0.006"/>
  <testcase classname="CalculatorTest" name="shouldDivideTwoNumbers" time="0.001"/>
  <testcase classname="CalculatorTest" name="shouldValidateMultipleOperationsUsingSoftAssert" time="0.007"/>
  <testcase classname="CalculatorTest" name="shouldSubtractTwoNumbers" time="0.0">
    <ignored/>
  </testcase> <!-- shouldSubtractTwoNumbers -->
  <testcase classname="CalculatorTest" name="shouldAddTwoNumbers" time="0.0">
    <ignored/>
  </testcase> <!-- shouldAddTwoNumbers -->
  <testcase classname="CalculatorTest" name="shouldThrowExceptionWhenDivideByZero" time="0.0">
    <ignored/>
  </testcase> <!-- shouldThrowExceptionWhenDivideByZero -->
</testsuite> <!-- Regression test -->
