<?xml version="1.0" encoding="UTF-8"?>
<!-- Generated by org.testng.reporters.JUnitReportReporter -->
<testsuite hostname="DESKTOP-E8APF7Q" failures="0" tests="4" name="tests.LoginTest" time="20.420" errors="0" timestamp="2026-01-31T18:37:01 ICT" skipped="0">
  <testcase classname="tests.LoginTest" name="test_login_successfully" time="6.442"/>
  <testcase classname="tests.LoginTest" name="test_login_invalid_username" time="4.322"/>
  <testcase classname="tests.LoginTest" name="test_login_invalid_password" time="4.540"/>
  <testcase classname="tests.LoginTest" name="test_advanced_requirements" time="5.116"/>
</testsuite> <!-- tests.LoginTest -->
