<?xml version="1.0" encoding="UTF-8"?>
<!-- Generated by org.testng.reporters.JUnitXMLReporter -->
<testsuite ignored="0" hostname="DESKTOP-E8APF7Q" failures="2" tests="8" name="Wait Strategy " time="24.257" errors="0" timestamp="2026-01-26T22:59:12 ICT">
  <testcase classname="CalculatorTest" name="shouldAddTwoNumbers" time="0.0"/>
  <testcase classname="CalculatorTest" name="shouldDivideTwoNumbers" time="0.0">
    <failure type="org.testng.TestNGException" message="
Parameter &amp;apos;a&amp;apos; is required by @Test on method shouldDivideTwoNumbers but has not been marked @Optional or defined
in C:\Users\Admin\TuDT32_Selenium\TestNG\wait.xml">
      <![CDATA[org.testng.TestNGException: 
Parameter 'a' is required by @Test on method shouldDivideTwoNumbers but has not been marked @Optional or defined
in C:\Users\Admin\TuDT32_Selenium\TestNG\wait.xml
at java.base/java.util.concurrent.Executors$RunnableAdapter.call(Executors.java:572)
at java.base/java.util.concurrent.FutureTask.run(FutureTask.java:317)
at java.base/java.util.concurrent.ThreadPoolExecutor.runWorker(ThreadPoolExecutor.java:1144)
at java.base/java.util.concurrent.ThreadPoolExecutor$Worker.run(ThreadPoolExecutor.java:642)
at java.base/java.lang.Thread.run(Thread.java:1583)
... Removed 12 stack frames]]>
    </failure>
  </testcase> <!-- shouldDivideTwoNumbers -->
  <testcase classname="CalculatorTest" name="shouldMultiplyTwoNumbers" time="0.0">
    <failure type="org.testng.TestNGException" message="
Parameter &amp;apos;a&amp;apos; is required by @Test on method shouldMultiplyTwoNumbers but has not been marked @Optional or defined
in C:\Users\Admin\TuDT32_Selenium\TestNG\wait.xml">
      <![CDATA[org.testng.TestNGException: 
Parameter 'a' is required by @Test on method shouldMultiplyTwoNumbers but has not been marked @Optional or defined
in C:\Users\Admin\TuDT32_Selenium\TestNG\wait.xml
at java.base/java.util.concurrent.Executors$RunnableAdapter.call(Executors.java:572)
at java.base/java.util.concurrent.FutureTask.run(FutureTask.java:317)
at java.base/java.util.concurrent.ThreadPoolExecutor.runWorker(ThreadPoolExecutor.java:1144)
at java.base/java.util.concurrent.ThreadPoolExecutor$Worker.run(ThreadPoolExecutor.java:642)
at java.base/java.lang.Thread.run(Thread.java:1583)
... Removed 12 stack frames]]>
    </failure>
  </testcase> <!-- shouldMultiplyTwoNumbers -->
  <testcase classname="CalculatorTest" name="shouldSubtractTwoNumbers" time="0.0"/>
  <testcase classname="CalculatorTest" name="shouldThrowExceptionWhenDivideByZero" time="0.002"/>
  <testcase classname="CalculatorTest" name="shouldValidateMultipleOperationsUsingSoftAssert" time="0.0"/>
  <testcase classname="Test1WaitStrategies" name="testSuccessMessage" time="5.503"/>
  <testcase classname="Test1WaitStrategies" name="testAdvance" time="5.514"/>
</testsuite> <!-- Wait Strategy  -->
